<?xml version="1.0" encoding="UTF-8"?>
<!-- Generated by org.testng.reporters.JUnitXMLReporter -->
<testsuite hostname="Admin-PC" ignored="0" name="ParameterisationTest" tests="4" failures="1" timestamp="19 Aug 2020 12:32:03 GMT" time="62.09" errors="0">
  <testcase name="verifyContactUsLink" time="4.133" classname="TestNGPAckage.TestNGExample"/>
  <testcase name="verifySearchButton" time="7.333" classname="TestNGPAckage.TestNGExample"/>
  <testcase name="verifySignIn" time="4.887" classname="TestNGPAckage.TestNGExample"/>
  <testcase name="parameters" time="0.0" classname="TestNGPAckage.DataDriverClass">
    <failure type="org.testng.TestNGException" message="
Parameter &amp;apos;fn&amp;apos; is required by @Test on method parameters but has not been marked @Optional or defined
in D:\MyNewWorkspace\MSCProject\testng.xml">
      <![CDATA[org.testng.TestNGException: 
Parameter 'fn' is required by @Test on method parameters but has not been marked @Optional or defined
in D:\MyNewWorkspace\MSCProject\testng.xml
... Removed 24 stack frames]]>
    </failure>
  </testcase> <!-- parameters -->
</testsuite> <!-- ParameterisationTest -->
