<html>
<head>
<title>TestNG:  ParameterisationTest</title>
<link href="../testng.css" rel="stylesheet" type="text/css" />
<link href="../my-testng.css" rel="stylesheet" type="text/css" />

<style type="text/css">
.log { display: none;} 
.stack-trace { display: none;} 
</style>
<script type="text/javascript">
<!--
function flip(e) {
  current = e.style.display;
  if (current == 'block') {
    e.style.display = 'none';
    return 0;
  }
  else {
    e.style.display = 'block';
    return 1;
  }
}

function toggleBox(szDivId, elem, msg1, msg2)
{
  var res = -1;  if (document.getElementById) {
    res = flip(document.getElementById(szDivId));
  }
  else if (document.all) {
    // this is the way old msie versions work
    res = flip(document.all[szDivId]);
  }
  if(elem) {
    if(res == 0) elem.innerHTML = msg1; else elem.innerHTML = msg2;
  }

}

function toggleAllBoxes() {
  if (document.getElementsByTagName) {
    d = document.getElementsByTagName('div');
    for (i = 0; i < d.length; i++) {
      if (d[i].className == 'log') {
        flip(d[i]);
      }
    }
  }
}

// -->
</script>

</head>
<body>
<h2 align='center'>ParameterisationTest</h2><table border='1' align="center">
<tr>
<td>Tests passed/Failed/Skipped:</td><td>3/1/0</td>
</tr><tr>
<td>Started on:</td><td>Wed Aug 19 18:01:01 IST 2020</td>
</tr>
<tr><td>Total time:</td><td>62 seconds (62090 ms)</td>
</tr><tr>
<td>Included groups:</td><td></td>
</tr><tr>
<td>Excluded groups:</td><td></td>
</tr>
</table><p/>
<small><i>(Hover the method name to see the test class name)</i></small><p/>
<table width='100%' border='1' class='invocation-failed'>
<tr><td colspan='4' align='center'><b>FAILED TESTS</b></td></tr>
<tr><td><b>Test method</b></td>
<td width="30%"><b>Exception</b></td>
<td width="10%"><b>Time (seconds)</b></td>
<td><b>Instance</b></td>
</tr>
<tr>
<td title='TestNGPAckage.DataDriverClass.parameters()'><b>parameters</b><br>Test class: TestNGPAckage.DataDriverClass</td>
<td><div><pre>org.testng.TestNGException: 
Parameter &apos;fn&apos; is required by @Test on method parameters but has not been marked @Optional or defined
in D:\MyNewWorkspace\MSCProject\testng.xml
... Removed 24 stack frames</pre></div><a href='#' onClick='toggleBox("stack-trace630028734", this, "Click to show all stack frames", "Click to hide stack frames")'>Click to show all stack frames</a>
<div class='stack-trace' id='stack-trace630028734'><pre>org.testng.TestNGException: 
Parameter &apos;fn&apos; is required by @Test on method parameters but has not been marked @Optional or defined
in D:\MyNewWorkspace\MSCProject\testng.xml
	at org.testng.internal.Parameters.createParams(Parameters.java:290)
	at org.testng.internal.Parameters.createParametersForMethod(Parameters.java:359)
	at org.testng.internal.Parameters.createParameters(Parameters.java:620)
	at org.testng.internal.Parameters.handleParameters(Parameters.java:769)
	at org.testng.internal.ParameterHandler.handleParameters(ParameterHandler.java:49)
	at org.testng.internal.ParameterHandler.createParameters(ParameterHandler.java:37)
	at org.testng.internal.Invoker.invokeTestMethods(Invoker.java:923)
	at org.testng.internal.TestMethodWorker.invokeTestMethods(TestMethodWorker.java:125)
	at org.testng.internal.TestMethodWorker.run(TestMethodWorker.java:109)
	at org.testng.TestRunner.privateRun(TestRunner.java:648)
	at org.testng.TestRunner.run(TestRunner.java:505)
	at org.testng.SuiteRunner.runTest(SuiteRunner.java:455)
	at org.testng.SuiteRunner.runSequentially(SuiteRunner.java:450)
	at org.testng.SuiteRunner.privateRun(SuiteRunner.java:415)
	at org.testng.SuiteRunner.run(SuiteRunner.java:364)
	at org.testng.SuiteRunnerWorker.runSuite(SuiteRunnerWorker.java:52)
	at org.testng.SuiteRunnerWorker.run(SuiteRunnerWorker.java:84)
	at org.testng.TestNG.runSuitesSequentially(TestNG.java:1208)
	at org.testng.TestNG.runSuitesLocally(TestNG.java:1137)
	at org.testng.TestNG.runSuites(TestNG.java:1049)
	at org.testng.TestNG.run(TestNG.java:1017)
	at org.testng.remote.AbstractRemoteTestNG.run(AbstractRemoteTestNG.java:114)
	at org.testng.remote.RemoteTestNG.initAndRun(RemoteTestNG.java:251)
	at org.testng.remote.RemoteTestNG.main(RemoteTestNG.java:77)
</pre></div></td>
<td>0</td>
<td>TestNGPAckage.DataDriverClass@ae45eb6</td></tr>
</table><p>
<table width='100%' border='1' class='invocation-passed'>
<tr><td colspan='4' align='center'><b>PASSED TESTS</b></td></tr>
<tr><td><b>Test method</b></td>
<td width="30%"><b>Exception</b></td>
<td width="10%"><b>Time (seconds)</b></td>
<td><b>Instance</b></td>
</tr>
<tr>
<td title='TestNGPAckage.TestNGExample.verifyContactUsLink()'><b>verifyContactUsLink</b><br>Test class: TestNGPAckage.TestNGExample<br/>
<a href="#Output-1732238286" onClick='toggleBox("Output-1732238286", this, "Show output", "Hide output");'>Show output</a>

<a href="#Output-1732238286" onClick="toggleAllBoxes();">Show all outputs</a>
<div class='log' id="Output-1732238286">
Clicked on contact us successfully<br/>
</div>
</td>
<td></td>
<td>4</td>
<td>TestNGPAckage.TestNGExample@68c4039c</td></tr>
<tr>
<td title='TestNGPAckage.TestNGExample.verifySearchButton()'><b>verifySearchButton</b><br>Test class: TestNGPAckage.TestNGExample<br/>
<a href="#Output-1153302647" onClick='toggleBox("Output-1153302647", this, "Show output", "Hide output");'>Show output</a>

<a href="#Output-1153302647" onClick="toggleAllBoxes();">Show all outputs</a>
<div class='log' id="Output-1153302647">
Clicked on Search button successfully<br/>
</div>
</td>
<td></td>
<td>7</td>
<td>TestNGPAckage.TestNGExample@68c4039c</td></tr>
<tr>
<td title='TestNGPAckage.TestNGExample.verifySignIn()'><b>verifySignIn</b><br>Test class: TestNGPAckage.TestNGExample<br/>
<a href="#Output-53940034" onClick='toggleBox("Output-53940034", this, "Show output", "Hide output");'>Show output</a>

<a href="#Output-53940034" onClick="toggleAllBoxes();">Show all outputs</a>
<div class='log' id="Output-53940034">
Clicked on Sign In link successfully<br/>
</div>
</td>
<td></td>
<td>4</td>
<td>TestNGPAckage.TestNGExample@68c4039c</td></tr>
</table><p>
</body>
</html>